[1.467s] DEBUG:colcon:Command line arguments: ['/usr/bin/colcon', 'build', '--packages-select', 'hand_xyz_subscriber_pkg']
[1.474s] DEBUG:colcon:Parsed command line arguments: Namespace(log_base=None, log_level=None, verb_name='build', build_base='build', install_base='install', merge_install=False, symlink_install=False, test_result_base=None, continue_on_error=False, executor='parallel', parallel_workers=8, event_handlers=None, ignore_user_meta=False, metas=['./colcon.meta'], base_paths=['.'], packages_ignore=None, packages_ignore_regex=None, paths=None, packages_up_to=None, packages_up_to_regex=None, packages_above=None, packages_above_and_dependencies=None, packages_above_depth=None, packages_select_by_dep=None, packages_skip_by_dep=None, packages_skip_up_to=None, packages_select_build_failed=False, packages_skip_build_finished=False, packages_select_test_failures=False, packages_skip_test_passed=False, packages_select=['hand_xyz_subscriber_pkg'], packages_skip=None, packages_select_regex=None, packages_skip_regex=None, packages_start=None, packages_end=None, cmake_args=None, cmake_target=None, cmake_target_skip_unavailable=False, cmake_clean_cache=False, cmake_clean_first=False, cmake_force_configure=False, ament_cmake_args=None, catkin_cmake_args=None, catkin_skip_building_tests=False, mixin_files=None, mixin=None, verb_parser=<colcon_mixin.mixin.mixin_argument.MixinArgumentDecorator object at 0x7ffffe240850>, verb_extension=<colcon_core.verb.build.BuildVerb object at 0x7ffffe240190>, main=<bound method BuildVerb.main of <colcon_core.verb.build.BuildVerb object at 0x7ffffe240190>>, mixin_verb=('build',))
[2.698s] Level 1:colcon.colcon_core.package_discovery:discover_packages(colcon_meta) check parameters
[2.718s] INFO:colcon.colcon_metadata.package_discovery.colcon_meta:Using configuration from '/root/.colcon/metadata/default/Gazebo.meta'
[2.723s] INFO:colcon.colcon_metadata.package_discovery.colcon_meta:Using configuration from '/root/.colcon/metadata/default/fastdds.meta'
[2.740s] INFO:colcon.colcon_metadata.package_discovery.colcon_meta:Using configuration from '/root/.colcon/metadata/default/fastrtps.meta'
[2.743s] Level 1:colcon.colcon_core.package_discovery:discover_packages(recursive) check parameters
[2.744s] Level 1:colcon.colcon_core.package_discovery:discover_packages(ignore) check parameters
[2.748s] Level 1:colcon.colcon_core.package_discovery:discover_packages(path) check parameters
[2.749s] Level 1:colcon.colcon_core.package_discovery:discover_packages(colcon_meta) discover
[2.754s] Level 1:colcon.colcon_core.package_discovery:discover_packages(recursive) discover
[2.755s] INFO:colcon.colcon_core.package_discovery:Crawling recursively for packages in '/workspace/Aether-firmware_ws'
[2.759s] Level 1:colcon.colcon_core.package_identification:_identify(.) by extensions ['ignore', 'ignore_ament_install']
[2.766s] Level 1:colcon.colcon_core.package_identification:_identify(.) by extension 'ignore'
[2.773s] Level 1:colcon.colcon_core.package_identification:_identify(.) by extension 'ignore_ament_install'
[2.778s] Level 1:colcon.colcon_core.package_identification:_identify(.) by extensions ['colcon_pkg']
[2.779s] Level 1:colcon.colcon_core.package_identification:_identify(.) by extension 'colcon_pkg'
[2.779s] Level 1:colcon.colcon_core.package_identification:_identify(.) by extensions ['colcon_meta']
[2.779s] Level 1:colcon.colcon_core.package_identification:_identify(.) by extension 'colcon_meta'
[2.780s] Level 1:colcon.colcon_core.package_identification:_identify(.) by extensions ['ros']
[2.780s] Level 1:colcon.colcon_core.package_identification:_identify(.) by extension 'ros'
[2.909s] Level 1:colcon.colcon_core.package_identification:_identify(.) by extensions ['cmake', 'python']
[2.910s] Level 1:colcon.colcon_core.package_identification:_identify(.) by extension 'cmake'
[2.911s] Level 1:colcon.colcon_core.package_identification:_identify(.) by extension 'python'
[2.911s] Level 1:colcon.colcon_core.package_identification:_identify(.) by extensions ['python_setup_py']
[2.912s] Level 1:colcon.colcon_core.package_identification:_identify(.) by extension 'python_setup_py'
[2.915s] Level 1:colcon.colcon_core.package_identification:_identify(build) by extensions ['ignore', 'ignore_ament_install']
[2.915s] Level 1:colcon.colcon_core.package_identification:_identify(build) by extension 'ignore'
[2.916s] Level 1:colcon.colcon_core.package_identification:_identify(build) ignored
[2.917s] Level 1:colcon.colcon_core.package_identification:_identify(install) by extensions ['ignore', 'ignore_ament_install']
[2.917s] Level 1:colcon.colcon_core.package_identification:_identify(install) by extension 'ignore'
[2.917s] Level 1:colcon.colcon_core.package_identification:_identify(install) ignored
[2.920s] Level 1:colcon.colcon_core.package_identification:_identify(log) by extensions ['ignore', 'ignore_ament_install']
[2.920s] Level 1:colcon.colcon_core.package_identification:_identify(log) by extension 'ignore'
[2.921s] Level 1:colcon.colcon_core.package_identification:_identify(log) ignored
[2.922s] Level 1:colcon.colcon_core.package_identification:_identify(src) by extensions ['ignore', 'ignore_ament_install']
[2.923s] Level 1:colcon.colcon_core.package_identification:_identify(src) by extension 'ignore'
[2.923s] Level 1:colcon.colcon_core.package_identification:_identify(src) by extension 'ignore_ament_install'
[2.928s] Level 1:colcon.colcon_core.package_identification:_identify(src) by extensions ['colcon_pkg']
[2.929s] Level 1:colcon.colcon_core.package_identification:_identify(src) by extension 'colcon_pkg'
[2.929s] Level 1:colcon.colcon_core.package_identification:_identify(src) by extensions ['colcon_meta']
[2.930s] Level 1:colcon.colcon_core.package_identification:_identify(src) by extension 'colcon_meta'
[2.931s] Level 1:colcon.colcon_core.package_identification:_identify(src) by extensions ['ros']
[2.933s] Level 1:colcon.colcon_core.package_identification:_identify(src) by extension 'ros'
[2.935s] Level 1:colcon.colcon_core.package_identification:_identify(src) by extensions ['cmake', 'python']
[2.935s] Level 1:colcon.colcon_core.package_identification:_identify(src) by extension 'cmake'
[2.936s] Level 1:colcon.colcon_core.package_identification:_identify(src) by extension 'python'
[2.937s] Level 1:colcon.colcon_core.package_identification:_identify(src) by extensions ['python_setup_py']
[2.939s] Level 1:colcon.colcon_core.package_identification:_identify(src) by extension 'python_setup_py'
[2.947s] Level 1:colcon.colcon_core.package_identification:_identify(src/hand_xyz_subscriber_pkg) by extensions ['ignore', 'ignore_ament_install']
[2.950s] Level 1:colcon.colcon_core.package_identification:_identify(src/hand_xyz_subscriber_pkg) by extension 'ignore'
[2.952s] Level 1:colcon.colcon_core.package_identification:_identify(src/hand_xyz_subscriber_pkg) by extension 'ignore_ament_install'
[2.953s] Level 1:colcon.colcon_core.package_identification:_identify(src/hand_xyz_subscriber_pkg) by extensions ['colcon_pkg']
[2.953s] Level 1:colcon.colcon_core.package_identification:_identify(src/hand_xyz_subscriber_pkg) by extension 'colcon_pkg'
[2.954s] Level 1:colcon.colcon_core.package_identification:_identify(src/hand_xyz_subscriber_pkg) by extensions ['colcon_meta']
[2.956s] Level 1:colcon.colcon_core.package_identification:_identify(src/hand_xyz_subscriber_pkg) by extension 'colcon_meta'
[2.956s] Level 1:colcon.colcon_core.package_identification:_identify(src/hand_xyz_subscriber_pkg) by extensions ['ros']
[2.956s] Level 1:colcon.colcon_core.package_identification:_identify(src/hand_xyz_subscriber_pkg) by extension 'ros'
[2.998s] DEBUG:colcon.colcon_core.package_identification:Package 'src/hand_xyz_subscriber_pkg' with type 'ros.ament_cmake' and name 'hand_xyz_subscriber_pkg'
[2.998s] Level 1:colcon.colcon_core.package_discovery:discover_packages(recursive) using defaults
[2.998s] Level 1:colcon.colcon_core.package_discovery:discover_packages(ignore) discover
[2.999s] Level 1:colcon.colcon_core.package_discovery:discover_packages(ignore) using defaults
[2.999s] Level 1:colcon.colcon_core.package_discovery:discover_packages(path) discover
[2.999s] Level 1:colcon.colcon_core.package_discovery:discover_packages(path) using defaults
[3.148s] Level 5:colcon.colcon_core.verb:set package 'hand_xyz_subscriber_pkg' build argument 'cmake_args' from command line to 'None'
[3.149s] Level 5:colcon.colcon_core.verb:set package 'hand_xyz_subscriber_pkg' build argument 'cmake_target' from command line to 'None'
[3.149s] Level 5:colcon.colcon_core.verb:set package 'hand_xyz_subscriber_pkg' build argument 'cmake_target_skip_unavailable' from command line to 'False'
[3.149s] Level 5:colcon.colcon_core.verb:set package 'hand_xyz_subscriber_pkg' build argument 'cmake_clean_cache' from command line to 'False'
[3.149s] Level 5:colcon.colcon_core.verb:set package 'hand_xyz_subscriber_pkg' build argument 'cmake_clean_first' from command line to 'False'
[3.150s] Level 5:colcon.colcon_core.verb:set package 'hand_xyz_subscriber_pkg' build argument 'cmake_force_configure' from command line to 'False'
[3.150s] Level 5:colcon.colcon_core.verb:set package 'hand_xyz_subscriber_pkg' build argument 'ament_cmake_args' from command line to 'None'
[3.150s] Level 5:colcon.colcon_core.verb:set package 'hand_xyz_subscriber_pkg' build argument 'catkin_cmake_args' from command line to 'None'
[3.150s] Level 5:colcon.colcon_core.verb:set package 'hand_xyz_subscriber_pkg' build argument 'catkin_skip_building_tests' from command line to 'False'
[3.151s] DEBUG:colcon.colcon_core.verb:Building package 'hand_xyz_subscriber_pkg' with the following arguments: {'ament_cmake_args': None, 'build_base': '/workspace/Aether-firmware_ws/build/hand_xyz_subscriber_pkg', 'catkin_cmake_args': None, 'catkin_skip_building_tests': False, 'cmake_args': None, 'cmake_clean_cache': False, 'cmake_clean_first': False, 'cmake_force_configure': False, 'cmake_target': None, 'cmake_target_skip_unavailable': False, 'install_base': '/workspace/Aether-firmware_ws/install/hand_xyz_subscriber_pkg', 'merge_install': False, 'path': '/workspace/Aether-firmware_ws/src/hand_xyz_subscriber_pkg', 'symlink_install': False, 'test_result_base': None}
[3.152s] INFO:colcon.colcon_core.executor:Executing jobs using 'parallel' executor
[3.181s] DEBUG:colcon.colcon_parallel_executor.executor.parallel:run_until_complete
[3.195s] INFO:colcon.colcon_ros.task.ament_cmake.build:Building ROS package in '/workspace/Aether-firmware_ws/src/hand_xyz_subscriber_pkg' with build type 'ament_cmake'
[3.197s] INFO:colcon.colcon_cmake.task.cmake.build:Building CMake package in '/workspace/Aether-firmware_ws/src/hand_xyz_subscriber_pkg'
[3.282s] INFO:colcon.colcon_core.plugin_system:Skipping extension 'colcon_core.shell.bat': Not used on non-Windows systems
[3.285s] INFO:colcon.colcon_core.shell:Skip shell extension 'powershell' for command environment: Not usable outside of PowerShell
[3.285s] DEBUG:colcon.colcon_core.shell:Skip shell extension 'dsv' for command environment
[3.647s] DEBUG:colcon.colcon_core.event_handler.log_command:Invoking command in '/workspace/Aether-firmware_ws/build/hand_xyz_subscriber_pkg': CMAKE_PREFIX_PATH=/opt/ros/humble /usr/bin/cmake /workspace/Aether-firmware_ws/src/hand_xyz_subscriber_pkg -DCMAKE_INSTALL_PREFIX=/workspace/Aether-firmware_ws/install/hand_xyz_subscriber_pkg
[48.783s] DEBUG:colcon.colcon_core.event_handler.log_command:Invoked command in '/workspace/Aether-firmware_ws/build/hand_xyz_subscriber_pkg' returned '0': CMAKE_PREFIX_PATH=/opt/ros/humble /usr/bin/cmake /workspace/Aether-firmware_ws/src/hand_xyz_subscriber_pkg -DCMAKE_INSTALL_PREFIX=/workspace/Aether-firmware_ws/install/hand_xyz_subscriber_pkg
[49.308s] DEBUG:colcon.colcon_core.event_handler.log_command:Invoking command in '/workspace/Aether-firmware_ws/build/hand_xyz_subscriber_pkg': CMAKE_PREFIX_PATH=/opt/ros/humble /usr/bin/cmake --build /workspace/Aether-firmware_ws/build/hand_xyz_subscriber_pkg -- -j8 -l8
[161.297s] DEBUG:colcon.colcon_core.event_handler.log_command:Invoked command in '/workspace/Aether-firmware_ws/build/hand_xyz_subscriber_pkg' returned '0': CMAKE_PREFIX_PATH=/opt/ros/humble /usr/bin/cmake --build /workspace/Aether-firmware_ws/build/hand_xyz_subscriber_pkg -- -j8 -l8
[161.560s] DEBUG:colcon.colcon_core.event_handler.log_command:Invoking command in '/workspace/Aether-firmware_ws/build/hand_xyz_subscriber_pkg': CMAKE_PREFIX_PATH=/opt/ros/humble /usr/bin/cmake --install /workspace/Aether-firmware_ws/build/hand_xyz_subscriber_pkg
[162.103s] Level 1:colcon.colcon_core.environment:create_environment_scripts_only(hand_xyz_subscriber_pkg)
[162.119s] DEBUG:colcon.colcon_core.event_handler.log_command:Invoked command in '/workspace/Aether-firmware_ws/build/hand_xyz_subscriber_pkg' returned '0': CMAKE_PREFIX_PATH=/opt/ros/humble /usr/bin/cmake --install /workspace/Aether-firmware_ws/build/hand_xyz_subscriber_pkg
[162.200s] Level 1:colcon.colcon_core.environment:checking '/workspace/Aether-firmware_ws/install/hand_xyz_subscriber_pkg' for CMake module files
[162.206s] Level 1:colcon.colcon_core.environment:checking '/workspace/Aether-firmware_ws/install/hand_xyz_subscriber_pkg' for CMake config files
[162.210s] Level 1:colcon.colcon_core.shell:create_environment_hook('hand_xyz_subscriber_pkg', 'cmake_prefix_path')
[162.218s] INFO:colcon.colcon_core.shell:Creating environment hook '/workspace/Aether-firmware_ws/install/hand_xyz_subscriber_pkg/share/hand_xyz_subscriber_pkg/hook/cmake_prefix_path.ps1'
[162.264s] INFO:colcon.colcon_core.shell:Creating environment descriptor '/workspace/Aether-firmware_ws/install/hand_xyz_subscriber_pkg/share/hand_xyz_subscriber_pkg/hook/cmake_prefix_path.dsv'
[162.267s] INFO:colcon.colcon_core.shell:Creating environment hook '/workspace/Aether-firmware_ws/install/hand_xyz_subscriber_pkg/share/hand_xyz_subscriber_pkg/hook/cmake_prefix_path.sh'
[162.292s] Level 1:colcon.colcon_core.environment:checking '/workspace/Aether-firmware_ws/install/hand_xyz_subscriber_pkg/lib'
[162.293s] Level 1:colcon.colcon_core.environment:checking '/workspace/Aether-firmware_ws/install/hand_xyz_subscriber_pkg/bin'
[162.293s] Level 1:colcon.colcon_core.environment:checking '/workspace/Aether-firmware_ws/install/hand_xyz_subscriber_pkg/lib/pkgconfig/hand_xyz_subscriber_pkg.pc'
[162.312s] Level 1:colcon.colcon_core.environment:checking '/workspace/Aether-firmware_ws/install/hand_xyz_subscriber_pkg/lib/python3.10/site-packages'
[162.313s] Level 1:colcon.colcon_core.environment:checking '/workspace/Aether-firmware_ws/install/hand_xyz_subscriber_pkg/bin'
[162.313s] INFO:colcon.colcon_core.shell:Creating package script '/workspace/Aether-firmware_ws/install/hand_xyz_subscriber_pkg/share/hand_xyz_subscriber_pkg/package.ps1'
[162.329s] INFO:colcon.colcon_core.shell:Creating package descriptor '/workspace/Aether-firmware_ws/install/hand_xyz_subscriber_pkg/share/hand_xyz_subscriber_pkg/package.dsv'
[162.333s] INFO:colcon.colcon_core.shell:Creating package script '/workspace/Aether-firmware_ws/install/hand_xyz_subscriber_pkg/share/hand_xyz_subscriber_pkg/package.sh'
[162.345s] INFO:colcon.colcon_core.shell:Creating package script '/workspace/Aether-firmware_ws/install/hand_xyz_subscriber_pkg/share/hand_xyz_subscriber_pkg/package.bash'
[162.353s] INFO:colcon.colcon_core.shell:Creating package script '/workspace/Aether-firmware_ws/install/hand_xyz_subscriber_pkg/share/hand_xyz_subscriber_pkg/package.zsh'
[162.357s] Level 1:colcon.colcon_core.environment:create_file_with_runtime_dependencies(/workspace/Aether-firmware_ws/install/hand_xyz_subscriber_pkg/share/colcon-core/packages/hand_xyz_subscriber_pkg)
[162.363s] Level 1:colcon.colcon_core.environment:create_environment_scripts_only(hand_xyz_subscriber_pkg)
[162.364s] Level 1:colcon.colcon_core.environment:checking '/workspace/Aether-firmware_ws/install/hand_xyz_subscriber_pkg' for CMake module files
[162.368s] Level 1:colcon.colcon_core.environment:checking '/workspace/Aether-firmware_ws/install/hand_xyz_subscriber_pkg' for CMake config files
[162.369s] Level 1:colcon.colcon_core.shell:create_environment_hook('hand_xyz_subscriber_pkg', 'cmake_prefix_path')
[162.370s] INFO:colcon.colcon_core.shell:Creating environment hook '/workspace/Aether-firmware_ws/install/hand_xyz_subscriber_pkg/share/hand_xyz_subscriber_pkg/hook/cmake_prefix_path.ps1'
[162.371s] INFO:colcon.colcon_core.shell:Creating environment descriptor '/workspace/Aether-firmware_ws/install/hand_xyz_subscriber_pkg/share/hand_xyz_subscriber_pkg/hook/cmake_prefix_path.dsv'
[162.373s] INFO:colcon.colcon_core.shell:Creating environment hook '/workspace/Aether-firmware_ws/install/hand_xyz_subscriber_pkg/share/hand_xyz_subscriber_pkg/hook/cmake_prefix_path.sh'
[162.375s] Level 1:colcon.colcon_core.environment:checking '/workspace/Aether-firmware_ws/install/hand_xyz_subscriber_pkg/lib'
[162.376s] Level 1:colcon.colcon_core.environment:checking '/workspace/Aether-firmware_ws/install/hand_xyz_subscriber_pkg/bin'
[162.376s] Level 1:colcon.colcon_core.environment:checking '/workspace/Aether-firmware_ws/install/hand_xyz_subscriber_pkg/lib/pkgconfig/hand_xyz_subscriber_pkg.pc'
[162.377s] Level 1:colcon.colcon_core.environment:checking '/workspace/Aether-firmware_ws/install/hand_xyz_subscriber_pkg/lib/python3.10/site-packages'
[162.379s] Level 1:colcon.colcon_core.environment:checking '/workspace/Aether-firmware_ws/install/hand_xyz_subscriber_pkg/bin'
[162.381s] INFO:colcon.colcon_core.shell:Creating package script '/workspace/Aether-firmware_ws/install/hand_xyz_subscriber_pkg/share/hand_xyz_subscriber_pkg/package.ps1'
[162.386s] INFO:colcon.colcon_core.shell:Creating package descriptor '/workspace/Aether-firmware_ws/install/hand_xyz_subscriber_pkg/share/hand_xyz_subscriber_pkg/package.dsv'
[162.388s] INFO:colcon.colcon_core.shell:Creating package script '/workspace/Aether-firmware_ws/install/hand_xyz_subscriber_pkg/share/hand_xyz_subscriber_pkg/package.sh'
[162.389s] INFO:colcon.colcon_core.shell:Creating package script '/workspace/Aether-firmware_ws/install/hand_xyz_subscriber_pkg/share/hand_xyz_subscriber_pkg/package.bash'
[162.390s] INFO:colcon.colcon_core.shell:Creating package script '/workspace/Aether-firmware_ws/install/hand_xyz_subscriber_pkg/share/hand_xyz_subscriber_pkg/package.zsh'
[162.393s] Level 1:colcon.colcon_core.environment:create_file_with_runtime_dependencies(/workspace/Aether-firmware_ws/install/hand_xyz_subscriber_pkg/share/colcon-core/packages/hand_xyz_subscriber_pkg)
[162.402s] DEBUG:colcon.colcon_parallel_executor.executor.parallel:closing loop
[162.409s] DEBUG:colcon.colcon_parallel_executor.executor.parallel:loop closed
[162.412s] DEBUG:colcon.colcon_parallel_executor.executor.parallel:run_until_complete finished with '0'
[162.419s] DEBUG:colcon.colcon_core.event_reactor:joining thread
[162.603s] INFO:colcon.colcon_core.plugin_system:Skipping extension 'colcon_notification.desktop_notification.notify_send': Could not find 'notify-send'
[162.604s] INFO:colcon.colcon_core.plugin_system:Skipping extension 'colcon_notification.desktop_notification.terminal_notifier': Not used on non-Darwin systems
[162.605s] INFO:colcon.colcon_core.plugin_system:Skipping extension 'colcon_notification.desktop_notification.win32': Not used on non-Windows systems
[162.605s] INFO:colcon.colcon_notification.desktop_notification:Sending desktop notification using 'notify2'
[162.657s] DEBUG:colcon.colcon_notification.desktop_notification.notify2:Failed to initialize notify2: org.freedesktop.DBus.Error.Spawn.ExecFailed: /usr/bin/dbus-launch terminated abnormally without any error message
[162.658s] DEBUG:colcon.colcon_core.event_reactor:joined thread
[162.662s] INFO:colcon.colcon_core.shell:Creating prefix script '/workspace/Aether-firmware_ws/install/local_setup.ps1'
[162.670s] INFO:colcon.colcon_core.shell:Creating prefix util module '/workspace/Aether-firmware_ws/install/_local_setup_util_ps1.py'
[162.678s] INFO:colcon.colcon_core.shell:Creating prefix chain script '/workspace/Aether-firmware_ws/install/setup.ps1'
[162.688s] INFO:colcon.colcon_core.shell:Creating prefix script '/workspace/Aether-firmware_ws/install/local_setup.sh'
[162.694s] INFO:colcon.colcon_core.shell:Creating prefix util module '/workspace/Aether-firmware_ws/install/_local_setup_util_sh.py'
[162.697s] INFO:colcon.colcon_core.shell:Creating prefix chain script '/workspace/Aether-firmware_ws/install/setup.sh'
[162.700s] INFO:colcon.colcon_core.shell:Creating prefix script '/workspace/Aether-firmware_ws/install/local_setup.bash'
[162.702s] INFO:colcon.colcon_core.shell:Creating prefix chain script '/workspace/Aether-firmware_ws/install/setup.bash'
[162.705s] INFO:colcon.colcon_core.shell:Creating prefix script '/workspace/Aether-firmware_ws/install/local_setup.zsh'
[162.707s] INFO:colcon.colcon_core.shell:Creating prefix chain script '/workspace/Aether-firmware_ws/install/setup.zsh'
