[0.318s] Invoking command in '/workspace/ros2_ws/build/random_xyz_stream': CMAKE_PREFIX_PATH=/opt/ros/humble /usr/bin/cmake /workspace/ros2_ws/src/random_xyz_stream -DCMAKE_INSTALL_PREFIX=/workspace/ros2_ws/install/random_xyz_stream
[1.668s] -- The C compiler identification is GNU 11.4.0
[2.377s] -- The CXX compiler identification is GNU 11.4.0
[2.432s] -- Detecting C compiler ABI info
[3.769s] -- Detecting C compiler ABI info - done
[3.798s] -- Check for working C compiler: /usr/bin/cc - skipped
[3.799s] -- Detecting C compile features
[3.801s] -- Detecting C compile features - done
[3.812s] -- Detecting CXX compiler ABI info
[4.988s] -- Detecting CXX compiler ABI info - done
[5.018s] -- Check for working CXX compiler: /usr/bin/c++ - skipped
[5.020s] -- Detecting CXX compile features
[5.020s] -- Detecting CXX compile features - done
[5.051s] -- Found ament_cmake: 1.3.14 (/opt/ros/humble/share/ament_cmake/cmake)
[6.254s] -- Found Python3: /usr/bin/python3 (found version "3.10.12") found components: Interpreter 
[6.663s] -- Found geometry_msgs: 4.9.1 (/opt/ros/humble/share/geometry_msgs/cmake)
[6.749s] -- Found rosidl_generator_c: 3.1.8 (/opt/ros/humble/share/rosidl_generator_c/cmake)
[6.761s] -- Found rosidl_adapter: 3.1.8 (/opt/ros/humble/share/rosidl_adapter/cmake)
[6.782s] -- Found rosidl_generator_cpp: 3.1.8 (/opt/ros/humble/share/rosidl_generator_cpp/cmake)
[6.806s] -- Using all available rosidl_typesupport_c: rosidl_typesupport_fastrtps_c;rosidl_typesupport_introspection_c
[6.842s] -- Using all available rosidl_typesupport_cpp: rosidl_typesupport_fastrtps_cpp;rosidl_typesupport_introspection_cpp
[6.956s] -- Found rclcpp: 16.0.19 (/opt/ros/humble/share/rclcpp/cmake)
[7.023s] -- Found rmw_implementation_cmake: 6.1.2 (/opt/ros/humble/share/rmw_implementation_cmake/cmake)
[7.028s] -- Found rmw_fastrtps_cpp: 6.2.10 (/opt/ros/humble/share/rmw_fastrtps_cpp/cmake)
[7.788s] -- Found OpenSSL: /usr/lib/x86_64-linux-gnu/libcrypto.so (found version "3.0.2")  
[7.845s] -- Found FastRTPS: /opt/ros/humble/include  
[7.936s] -- Using RMW implementation 'rmw_fastrtps_cpp' as default
[7.956s] -- Looking for pthread.h
[9.036s] -- Looking for pthread.h - found
[9.044s] -- Performing Test CMAKE_HAVE_LIBC_PTHREAD
[10.238s] -- Performing Test CMAKE_HAVE_LIBC_PTHREAD - Success
[10.241s] -- Found Threads: TRUE  
[10.338s] -- Found ament_lint_auto: 0.12.15 (/opt/ros/humble/share/ament_lint_auto/cmake)
[10.677s] -- Added test 'cppcheck' to perform static code analysis on C / C++ code
[10.678s] -- Configured cppcheck include dirs: 
[10.680s] -- Configured cppcheck exclude dirs and/or files: 
[10.682s] -- Added test 'lint_cmake' to check CMake code style
[10.692s] -- Added test 'uncrustify' to check C / C++ code style
[10.696s] -- Configured uncrustify additional arguments: 
[10.699s] -- Added test 'xmllint' to check XML markup files
[10.715s] -- Configuring done
[10.906s] -- Generating done
[10.966s] -- Build files have been written to: /workspace/ros2_ws/build/random_xyz_stream
[11.030s] Invoked command in '/workspace/ros2_ws/build/random_xyz_stream' returned '0': CMAKE_PREFIX_PATH=/opt/ros/humble /usr/bin/cmake /workspace/ros2_ws/src/random_xyz_stream -DCMAKE_INSTALL_PREFIX=/workspace/ros2_ws/install/random_xyz_stream
[11.051s] Invoking command in '/workspace/ros2_ws/build/random_xyz_stream': CMAKE_PREFIX_PATH=/opt/ros/humble /usr/bin/cmake --build /workspace/ros2_ws/build/random_xyz_stream -- -j8 -l8
[11.902s] [ 25%] [32mBuilding CXX object CMakeFiles/random_xyz_publisher.dir/src/random_xyz_publisher.cpp.o[0m
[11.911s] [ 50%] [32mBuilding CXX object CMakeFiles/random_xyz_subscriber.dir/src/random_xyz_subscriber.cpp.o[0m
[38.669s] [ 75%] [32m[1mLinking CXX executable random_xyz_publisher[0m
[41.281s] [ 75%] Built target random_xyz_publisher
[50.588s] [100%] [32m[1mLinking CXX executable random_xyz_subscriber[0m
[52.177s] [100%] Built target random_xyz_subscriber
[52.319s] Invoked command in '/workspace/ros2_ws/build/random_xyz_stream' returned '0': CMAKE_PREFIX_PATH=/opt/ros/humble /usr/bin/cmake --build /workspace/ros2_ws/build/random_xyz_stream -- -j8 -l8
[52.481s] Invoking command in '/workspace/ros2_ws/build/random_xyz_stream': CMAKE_PREFIX_PATH=/opt/ros/humble /usr/bin/cmake --install /workspace/ros2_ws/build/random_xyz_stream
[52.596s] -- Install configuration: ""
[52.604s] -- Installing: /workspace/ros2_ws/install/random_xyz_stream/lib/random_xyz_stream/random_xyz_publisher
[52.660s] -- Set runtime path of "/workspace/ros2_ws/install/random_xyz_stream/lib/random_xyz_stream/random_xyz_publisher" to ""
[52.664s] -- Installing: /workspace/ros2_ws/install/random_xyz_stream/lib/random_xyz_stream/random_xyz_subscriber
[52.738s] -- Set runtime path of "/workspace/ros2_ws/install/random_xyz_stream/lib/random_xyz_stream/random_xyz_subscriber" to ""
[52.741s] -- Installing: /workspace/ros2_ws/install/random_xyz_stream/share/ament_index/resource_index/package_run_dependencies/random_xyz_stream
[52.748s] -- Installing: /workspace/ros2_ws/install/random_xyz_stream/share/ament_index/resource_index/parent_prefix_path/random_xyz_stream
[52.759s] -- Installing: /workspace/ros2_ws/install/random_xyz_stream/share/random_xyz_stream/environment/ament_prefix_path.sh
[52.763s] -- Installing: /workspace/ros2_ws/install/random_xyz_stream/share/random_xyz_stream/environment/ament_prefix_path.dsv
[52.769s] -- Installing: /workspace/ros2_ws/install/random_xyz_stream/share/random_xyz_stream/environment/path.sh
[52.776s] -- Installing: /workspace/ros2_ws/install/random_xyz_stream/share/random_xyz_stream/environment/path.dsv
[52.780s] -- Installing: /workspace/ros2_ws/install/random_xyz_stream/share/random_xyz_stream/local_setup.bash
[52.791s] -- Installing: /workspace/ros2_ws/install/random_xyz_stream/share/random_xyz_stream/local_setup.sh
[52.795s] -- Installing: /workspace/ros2_ws/install/random_xyz_stream/share/random_xyz_stream/local_setup.zsh
[52.799s] -- Installing: /workspace/ros2_ws/install/random_xyz_stream/share/random_xyz_stream/local_setup.dsv
[52.804s] -- Installing: /workspace/ros2_ws/install/random_xyz_stream/share/random_xyz_stream/package.dsv
[52.809s] -- Installing: /workspace/ros2_ws/install/random_xyz_stream/share/ament_index/resource_index/packages/random_xyz_stream
[52.813s] -- Installing: /workspace/ros2_ws/install/random_xyz_stream/share/random_xyz_stream/cmake/random_xyz_streamConfig.cmake
[52.816s] -- Installing: /workspace/ros2_ws/install/random_xyz_stream/share/random_xyz_stream/cmake/random_xyz_streamConfig-version.cmake
[52.821s] -- Installing: /workspace/ros2_ws/install/random_xyz_stream/share/random_xyz_stream/package.xml
[52.861s] Invoked command in '/workspace/ros2_ws/build/random_xyz_stream' returned '0': CMAKE_PREFIX_PATH=/opt/ros/humble /usr/bin/cmake --install /workspace/ros2_ws/build/random_xyz_stream
