[0.553s] DEBUG:colcon:Command line arguments: ['/usr/bin/colcon', 'build', '--packages-select', 'random_xyz_stream']
[0.556s] DEBUG:colcon:Parsed command line arguments: Namespace(log_base=None, log_level=None, verb_name='build', build_base='build', install_base='install', merge_install=False, symlink_install=False, test_result_base=None, continue_on_error=False, executor='parallel', parallel_workers=8, event_handlers=None, ignore_user_meta=False, metas=['./colcon.meta'], base_paths=['.'], packages_ignore=None, packages_ignore_regex=None, paths=None, packages_up_to=None, packages_up_to_regex=None, packages_above=None, packages_above_and_dependencies=None, packages_above_depth=None, packages_select_by_dep=None, packages_skip_by_dep=None, packages_skip_up_to=None, packages_select_build_failed=False, packages_skip_build_finished=False, packages_select_test_failures=False, packages_skip_test_passed=False, packages_select=['random_xyz_stream'], packages_skip=None, packages_select_regex=None, packages_skip_regex=None, packages_start=None, packages_end=None, cmake_args=None, cmake_target=None, cmake_target_skip_unavailable=False, cmake_clean_cache=False, cmake_clean_first=False, cmake_force_configure=False, ament_cmake_args=None, catkin_cmake_args=None, catkin_skip_building_tests=False, mixin_files=None, mixin=None, verb_parser=<colcon_mixin.mixin.mixin_argument.MixinArgumentDecorator object at 0x7ffffe240820>, verb_extension=<colcon_core.verb.build.BuildVerb object at 0x7ffffe240040>, main=<bound method BuildVerb.main of <colcon_core.verb.build.BuildVerb object at 0x7ffffe240040>>, mixin_verb=('build',))
[1.037s] Level 1:colcon.colcon_core.package_discovery:discover_packages(colcon_meta) check parameters
[1.040s] INFO:colcon.colcon_metadata.package_discovery.colcon_meta:Using configuration from '/root/.colcon/metadata/default/Gazebo.meta'
[1.040s] INFO:colcon.colcon_metadata.package_discovery.colcon_meta:Using configuration from '/root/.colcon/metadata/default/fastdds.meta'
[1.041s] INFO:colcon.colcon_metadata.package_discovery.colcon_meta:Using configuration from '/root/.colcon/metadata/default/fastrtps.meta'
[1.041s] Level 1:colcon.colcon_core.package_discovery:discover_packages(recursive) check parameters
[1.042s] Level 1:colcon.colcon_core.package_discovery:discover_packages(ignore) check parameters
[1.042s] Level 1:colcon.colcon_core.package_discovery:discover_packages(path) check parameters
[1.042s] Level 1:colcon.colcon_core.package_discovery:discover_packages(colcon_meta) discover
[1.042s] Level 1:colcon.colcon_core.package_discovery:discover_packages(recursive) discover
[1.042s] INFO:colcon.colcon_core.package_discovery:Crawling recursively for packages in '/workspace/ros2_ws'
[1.042s] Level 1:colcon.colcon_core.package_identification:_identify(.) by extensions ['ignore', 'ignore_ament_install']
[1.043s] Level 1:colcon.colcon_core.package_identification:_identify(.) by extension 'ignore'
[1.043s] Level 1:colcon.colcon_core.package_identification:_identify(.) by extension 'ignore_ament_install'
[1.043s] Level 1:colcon.colcon_core.package_identification:_identify(.) by extensions ['colcon_pkg']
[1.044s] Level 1:colcon.colcon_core.package_identification:_identify(.) by extension 'colcon_pkg'
[1.044s] Level 1:colcon.colcon_core.package_identification:_identify(.) by extensions ['colcon_meta']
[1.044s] Level 1:colcon.colcon_core.package_identification:_identify(.) by extension 'colcon_meta'
[1.044s] Level 1:colcon.colcon_core.package_identification:_identify(.) by extensions ['ros']
[1.044s] Level 1:colcon.colcon_core.package_identification:_identify(.) by extension 'ros'
[1.070s] Level 1:colcon.colcon_core.package_identification:_identify(.) by extensions ['cmake', 'python']
[1.070s] Level 1:colcon.colcon_core.package_identification:_identify(.) by extension 'cmake'
[1.070s] Level 1:colcon.colcon_core.package_identification:_identify(.) by extension 'python'
[1.070s] Level 1:colcon.colcon_core.package_identification:_identify(.) by extensions ['python_setup_py']
[1.070s] Level 1:colcon.colcon_core.package_identification:_identify(.) by extension 'python_setup_py'
[1.071s] Level 1:colcon.colcon_core.package_identification:_identify(build) by extensions ['ignore', 'ignore_ament_install']
[1.071s] Level 1:colcon.colcon_core.package_identification:_identify(build) by extension 'ignore'
[1.071s] Level 1:colcon.colcon_core.package_identification:_identify(build) ignored
[1.071s] Level 1:colcon.colcon_core.package_identification:_identify(install) by extensions ['ignore', 'ignore_ament_install']
[1.072s] Level 1:colcon.colcon_core.package_identification:_identify(install) by extension 'ignore'
[1.072s] Level 1:colcon.colcon_core.package_identification:_identify(install) ignored
[1.072s] Level 1:colcon.colcon_core.package_identification:_identify(log) by extensions ['ignore', 'ignore_ament_install']
[1.072s] Level 1:colcon.colcon_core.package_identification:_identify(log) by extension 'ignore'
[1.072s] Level 1:colcon.colcon_core.package_identification:_identify(log) ignored
[1.073s] Level 1:colcon.colcon_core.package_identification:_identify(src) by extensions ['ignore', 'ignore_ament_install']
[1.073s] Level 1:colcon.colcon_core.package_identification:_identify(src) by extension 'ignore'
[1.073s] Level 1:colcon.colcon_core.package_identification:_identify(src) by extension 'ignore_ament_install'
[1.073s] Level 1:colcon.colcon_core.package_identification:_identify(src) by extensions ['colcon_pkg']
[1.073s] Level 1:colcon.colcon_core.package_identification:_identify(src) by extension 'colcon_pkg'
[1.073s] Level 1:colcon.colcon_core.package_identification:_identify(src) by extensions ['colcon_meta']
[1.073s] Level 1:colcon.colcon_core.package_identification:_identify(src) by extension 'colcon_meta'
[1.073s] Level 1:colcon.colcon_core.package_identification:_identify(src) by extensions ['ros']
[1.073s] Level 1:colcon.colcon_core.package_identification:_identify(src) by extension 'ros'
[1.074s] Level 1:colcon.colcon_core.package_identification:_identify(src) by extensions ['cmake', 'python']
[1.074s] Level 1:colcon.colcon_core.package_identification:_identify(src) by extension 'cmake'
[1.074s] Level 1:colcon.colcon_core.package_identification:_identify(src) by extension 'python'
[1.074s] Level 1:colcon.colcon_core.package_identification:_identify(src) by extensions ['python_setup_py']
[1.074s] Level 1:colcon.colcon_core.package_identification:_identify(src) by extension 'python_setup_py'
[1.075s] Level 1:colcon.colcon_core.package_identification:_identify(src/random_xyz_stream) by extensions ['ignore', 'ignore_ament_install']
[1.075s] Level 1:colcon.colcon_core.package_identification:_identify(src/random_xyz_stream) by extension 'ignore'
[1.075s] Level 1:colcon.colcon_core.package_identification:_identify(src/random_xyz_stream) by extension 'ignore_ament_install'
[1.075s] Level 1:colcon.colcon_core.package_identification:_identify(src/random_xyz_stream) by extensions ['colcon_pkg']
[1.075s] Level 1:colcon.colcon_core.package_identification:_identify(src/random_xyz_stream) by extension 'colcon_pkg'
[1.076s] Level 1:colcon.colcon_core.package_identification:_identify(src/random_xyz_stream) by extensions ['colcon_meta']
[1.076s] Level 1:colcon.colcon_core.package_identification:_identify(src/random_xyz_stream) by extension 'colcon_meta'
[1.076s] Level 1:colcon.colcon_core.package_identification:_identify(src/random_xyz_stream) by extensions ['ros']
[1.076s] Level 1:colcon.colcon_core.package_identification:_identify(src/random_xyz_stream) by extension 'ros'
[1.090s] DEBUG:colcon.colcon_core.package_identification:Package 'src/random_xyz_stream' with type 'ros.ament_cmake' and name 'random_xyz_stream'
[1.090s] Level 1:colcon.colcon_core.package_discovery:discover_packages(recursive) using defaults
[1.090s] Level 1:colcon.colcon_core.package_discovery:discover_packages(ignore) discover
[1.091s] Level 1:colcon.colcon_core.package_discovery:discover_packages(ignore) using defaults
[1.091s] Level 1:colcon.colcon_core.package_discovery:discover_packages(path) discover
[1.091s] Level 1:colcon.colcon_core.package_discovery:discover_packages(path) using defaults
[1.150s] Level 5:colcon.colcon_core.verb:set package 'random_xyz_stream' build argument 'cmake_args' from command line to 'None'
[1.150s] Level 5:colcon.colcon_core.verb:set package 'random_xyz_stream' build argument 'cmake_target' from command line to 'None'
[1.150s] Level 5:colcon.colcon_core.verb:set package 'random_xyz_stream' build argument 'cmake_target_skip_unavailable' from command line to 'False'
[1.150s] Level 5:colcon.colcon_core.verb:set package 'random_xyz_stream' build argument 'cmake_clean_cache' from command line to 'False'
[1.150s] Level 5:colcon.colcon_core.verb:set package 'random_xyz_stream' build argument 'cmake_clean_first' from command line to 'False'
[1.150s] Level 5:colcon.colcon_core.verb:set package 'random_xyz_stream' build argument 'cmake_force_configure' from command line to 'False'
[1.150s] Level 5:colcon.colcon_core.verb:set package 'random_xyz_stream' build argument 'ament_cmake_args' from command line to 'None'
[1.150s] Level 5:colcon.colcon_core.verb:set package 'random_xyz_stream' build argument 'catkin_cmake_args' from command line to 'None'
[1.151s] Level 5:colcon.colcon_core.verb:set package 'random_xyz_stream' build argument 'catkin_skip_building_tests' from command line to 'False'
[1.151s] DEBUG:colcon.colcon_core.verb:Building package 'random_xyz_stream' with the following arguments: {'ament_cmake_args': None, 'build_base': '/workspace/ros2_ws/build/random_xyz_stream', 'catkin_cmake_args': None, 'catkin_skip_building_tests': False, 'cmake_args': None, 'cmake_clean_cache': False, 'cmake_clean_first': False, 'cmake_force_configure': False, 'cmake_target': None, 'cmake_target_skip_unavailable': False, 'install_base': '/workspace/ros2_ws/install/random_xyz_stream', 'merge_install': False, 'path': '/workspace/ros2_ws/src/random_xyz_stream', 'symlink_install': False, 'test_result_base': None}
[1.151s] INFO:colcon.colcon_core.executor:Executing jobs using 'parallel' executor
[1.159s] DEBUG:colcon.colcon_parallel_executor.executor.parallel:run_until_complete
[1.161s] INFO:colcon.colcon_ros.task.ament_cmake.build:Building ROS package in '/workspace/ros2_ws/src/random_xyz_stream' with build type 'ament_cmake'
[1.163s] INFO:colcon.colcon_cmake.task.cmake.build:Building CMake package in '/workspace/ros2_ws/src/random_xyz_stream'
[1.174s] INFO:colcon.colcon_core.plugin_system:Skipping extension 'colcon_core.shell.bat': Not used on non-Windows systems
[1.174s] INFO:colcon.colcon_core.shell:Skip shell extension 'powershell' for command environment: Not usable outside of PowerShell
[1.174s] DEBUG:colcon.colcon_core.shell:Skip shell extension 'dsv' for command environment
[1.378s] DEBUG:colcon.colcon_core.event_handler.log_command:Invoking command in '/workspace/ros2_ws/build/random_xyz_stream': CMAKE_PREFIX_PATH=${CMAKE_PREFIX_PATH}:/opt/ros/humble /usr/bin/cmake --build /workspace/ros2_ws/build/random_xyz_stream -- -j8 -l8
[33.570s] DEBUG:colcon.colcon_core.event_handler.log_command:Invoked command in '/workspace/ros2_ws/build/random_xyz_stream' returned '0': CMAKE_PREFIX_PATH=${CMAKE_PREFIX_PATH}:/opt/ros/humble /usr/bin/cmake --build /workspace/ros2_ws/build/random_xyz_stream -- -j8 -l8
[33.869s] DEBUG:colcon.colcon_core.event_handler.log_command:Invoking command in '/workspace/ros2_ws/build/random_xyz_stream': CMAKE_PREFIX_PATH=${CMAKE_PREFIX_PATH}:/opt/ros/humble /usr/bin/cmake --install /workspace/ros2_ws/build/random_xyz_stream
[34.179s] Level 1:colcon.colcon_core.environment:create_environment_scripts_only(random_xyz_stream)
[34.187s] DEBUG:colcon.colcon_core.event_handler.log_command:Invoked command in '/workspace/ros2_ws/build/random_xyz_stream' returned '0': CMAKE_PREFIX_PATH=${CMAKE_PREFIX_PATH}:/opt/ros/humble /usr/bin/cmake --install /workspace/ros2_ws/build/random_xyz_stream
[34.204s] Level 1:colcon.colcon_core.environment:checking '/workspace/ros2_ws/install/random_xyz_stream' for CMake module files
[34.209s] Level 1:colcon.colcon_core.environment:checking '/workspace/ros2_ws/install/random_xyz_stream' for CMake config files
[34.210s] Level 1:colcon.colcon_core.shell:create_environment_hook('random_xyz_stream', 'cmake_prefix_path')
[34.212s] INFO:colcon.colcon_core.shell:Creating environment hook '/workspace/ros2_ws/install/random_xyz_stream/share/random_xyz_stream/hook/cmake_prefix_path.ps1'
[34.230s] INFO:colcon.colcon_core.shell:Creating environment descriptor '/workspace/ros2_ws/install/random_xyz_stream/share/random_xyz_stream/hook/cmake_prefix_path.dsv'
[34.233s] INFO:colcon.colcon_core.shell:Creating environment hook '/workspace/ros2_ws/install/random_xyz_stream/share/random_xyz_stream/hook/cmake_prefix_path.sh'
[34.238s] Level 1:colcon.colcon_core.environment:checking '/workspace/ros2_ws/install/random_xyz_stream/lib'
[34.240s] Level 1:colcon.colcon_core.environment:checking '/workspace/ros2_ws/install/random_xyz_stream/bin'
[34.241s] Level 1:colcon.colcon_core.environment:checking '/workspace/ros2_ws/install/random_xyz_stream/lib/pkgconfig/random_xyz_stream.pc'
[34.250s] Level 1:colcon.colcon_core.environment:checking '/workspace/ros2_ws/install/random_xyz_stream/lib/python3.10/site-packages'
[34.250s] Level 1:colcon.colcon_core.environment:checking '/workspace/ros2_ws/install/random_xyz_stream/bin'
[34.251s] INFO:colcon.colcon_core.shell:Creating package script '/workspace/ros2_ws/install/random_xyz_stream/share/random_xyz_stream/package.ps1'
[34.255s] INFO:colcon.colcon_core.shell:Creating package descriptor '/workspace/ros2_ws/install/random_xyz_stream/share/random_xyz_stream/package.dsv'
[34.258s] INFO:colcon.colcon_core.shell:Creating package script '/workspace/ros2_ws/install/random_xyz_stream/share/random_xyz_stream/package.sh'
[34.260s] INFO:colcon.colcon_core.shell:Creating package script '/workspace/ros2_ws/install/random_xyz_stream/share/random_xyz_stream/package.bash'
[34.262s] INFO:colcon.colcon_core.shell:Creating package script '/workspace/ros2_ws/install/random_xyz_stream/share/random_xyz_stream/package.zsh'
[34.265s] Level 1:colcon.colcon_core.environment:create_file_with_runtime_dependencies(/workspace/ros2_ws/install/random_xyz_stream/share/colcon-core/packages/random_xyz_stream)
[34.269s] Level 1:colcon.colcon_core.environment:create_environment_scripts_only(random_xyz_stream)
[34.270s] Level 1:colcon.colcon_core.environment:checking '/workspace/ros2_ws/install/random_xyz_stream' for CMake module files
[34.275s] Level 1:colcon.colcon_core.environment:checking '/workspace/ros2_ws/install/random_xyz_stream' for CMake config files
[34.280s] Level 1:colcon.colcon_core.shell:create_environment_hook('random_xyz_stream', 'cmake_prefix_path')
[34.281s] INFO:colcon.colcon_core.shell:Creating environment hook '/workspace/ros2_ws/install/random_xyz_stream/share/random_xyz_stream/hook/cmake_prefix_path.ps1'
[34.282s] INFO:colcon.colcon_core.shell:Creating environment descriptor '/workspace/ros2_ws/install/random_xyz_stream/share/random_xyz_stream/hook/cmake_prefix_path.dsv'
[34.284s] INFO:colcon.colcon_core.shell:Creating environment hook '/workspace/ros2_ws/install/random_xyz_stream/share/random_xyz_stream/hook/cmake_prefix_path.sh'
[34.285s] Level 1:colcon.colcon_core.environment:checking '/workspace/ros2_ws/install/random_xyz_stream/lib'
[34.285s] Level 1:colcon.colcon_core.environment:checking '/workspace/ros2_ws/install/random_xyz_stream/bin'
[34.285s] Level 1:colcon.colcon_core.environment:checking '/workspace/ros2_ws/install/random_xyz_stream/lib/pkgconfig/random_xyz_stream.pc'
[34.286s] Level 1:colcon.colcon_core.environment:checking '/workspace/ros2_ws/install/random_xyz_stream/lib/python3.10/site-packages'
[34.286s] Level 1:colcon.colcon_core.environment:checking '/workspace/ros2_ws/install/random_xyz_stream/bin'
[34.287s] INFO:colcon.colcon_core.shell:Creating package script '/workspace/ros2_ws/install/random_xyz_stream/share/random_xyz_stream/package.ps1'
[34.288s] INFO:colcon.colcon_core.shell:Creating package descriptor '/workspace/ros2_ws/install/random_xyz_stream/share/random_xyz_stream/package.dsv'
[34.289s] INFO:colcon.colcon_core.shell:Creating package script '/workspace/ros2_ws/install/random_xyz_stream/share/random_xyz_stream/package.sh'
[34.290s] INFO:colcon.colcon_core.shell:Creating package script '/workspace/ros2_ws/install/random_xyz_stream/share/random_xyz_stream/package.bash'
[34.291s] INFO:colcon.colcon_core.shell:Creating package script '/workspace/ros2_ws/install/random_xyz_stream/share/random_xyz_stream/package.zsh'
[34.293s] Level 1:colcon.colcon_core.environment:create_file_with_runtime_dependencies(/workspace/ros2_ws/install/random_xyz_stream/share/colcon-core/packages/random_xyz_stream)
[34.294s] DEBUG:colcon.colcon_parallel_executor.executor.parallel:closing loop
[34.297s] DEBUG:colcon.colcon_parallel_executor.executor.parallel:loop closed
[34.298s] DEBUG:colcon.colcon_parallel_executor.executor.parallel:run_until_complete finished with '0'
[34.299s] DEBUG:colcon.colcon_core.event_reactor:joining thread
[34.339s] INFO:colcon.colcon_core.plugin_system:Skipping extension 'colcon_notification.desktop_notification.notify_send': Could not find 'notify-send'
[34.339s] INFO:colcon.colcon_core.plugin_system:Skipping extension 'colcon_notification.desktop_notification.terminal_notifier': Not used on non-Darwin systems
[34.340s] INFO:colcon.colcon_core.plugin_system:Skipping extension 'colcon_notification.desktop_notification.win32': Not used on non-Windows systems
[34.340s] INFO:colcon.colcon_notification.desktop_notification:Sending desktop notification using 'notify2'
[34.360s] DEBUG:colcon.colcon_notification.desktop_notification.notify2:Failed to initialize notify2: org.freedesktop.DBus.Error.Spawn.ExecFailed: /usr/bin/dbus-launch terminated abnormally without any error message
[34.361s] DEBUG:colcon.colcon_core.event_reactor:joined thread
[34.362s] INFO:colcon.colcon_core.shell:Creating prefix script '/workspace/ros2_ws/install/local_setup.ps1'
[34.365s] INFO:colcon.colcon_core.shell:Creating prefix util module '/workspace/ros2_ws/install/_local_setup_util_ps1.py'
[34.368s] INFO:colcon.colcon_core.shell:Creating prefix chain script '/workspace/ros2_ws/install/setup.ps1'
[34.373s] INFO:colcon.colcon_core.shell:Creating prefix script '/workspace/ros2_ws/install/local_setup.sh'
[34.375s] INFO:colcon.colcon_core.shell:Creating prefix util module '/workspace/ros2_ws/install/_local_setup_util_sh.py'
[34.377s] INFO:colcon.colcon_core.shell:Creating prefix chain script '/workspace/ros2_ws/install/setup.sh'
[34.381s] INFO:colcon.colcon_core.shell:Creating prefix script '/workspace/ros2_ws/install/local_setup.bash'
[34.383s] INFO:colcon.colcon_core.shell:Creating prefix chain script '/workspace/ros2_ws/install/setup.bash'
[34.386s] INFO:colcon.colcon_core.shell:Creating prefix script '/workspace/ros2_ws/install/local_setup.zsh'
[34.388s] INFO:colcon.colcon_core.shell:Creating prefix chain script '/workspace/ros2_ws/install/setup.zsh'
