-- Found ament_cmake: 1.3.14 (/opt/ros/humble/share/ament_cmake/cmake)
-- Found geometry_msgs: 4.9.1 (/opt/ros/humble/share/geometry_msgs/cmake)
-- Found rosidl_generator_c: 3.1.8 (/opt/ros/humble/share/rosidl_generator_c/cmake)
-- Found rosidl_adapter: 3.1.8 (/opt/ros/humble/share/rosidl_adapter/cmake)
-- Found rosidl_generator_cpp: 3.1.8 (/opt/ros/humble/share/rosidl_generator_cpp/cmake)
-- Using all available rosidl_typesupport_c: rosidl_typesupport_fastrtps_c;rosidl_typesupport_introspection_c
-- Using all available rosidl_typesupport_cpp: rosidl_typesupport_fastrtps_cpp;rosidl_typesupport_introspection_cpp
-- Found rclcpp: 16.0.19 (/opt/ros/humble/share/rclcpp/cmake)
-- Found rmw_implementation_cmake: 6.1.2 (/opt/ros/humble/share/rmw_implementation_cmake/cmake)
-- Found rmw_fastrtps_cpp: 6.2.10 (/opt/ros/humble/share/rmw_fastrtps_cpp/cmake)
-- Using RMW implementation 'rmw_fastrtps_cpp' as default
-- Found ament_lint_auto: 0.12.15 (/opt/ros/humble/share/ament_lint_auto/cmake)
-- Added test 'cppcheck' to perform static code analysis on C / C++ code
-- Configured cppcheck include dirs: 
-- Configured cppcheck exclude dirs and/or files: 
-- Added test 'lint_cmake' to check CMake code style
-- Added test 'uncrustify' to check C / C++ code style
-- Configured uncrustify additional arguments: 
-- Added test 'xmllint' to check XML markup files
-- Configuring done
-- Generating done
-- Build files have been written to: /workspace/ros2_ws/build/random_xyz_stream
[35m[1mConsolidate compiler generated dependencies of target random_xyz_publisher[0m
[35m[1mConsolidate compiler generated dependencies of target random_xyz_subscriber[0m
[ 16%] [32mBuilding CXX object CMakeFiles/tcp_xyz_bridge.dir/src/tcp_xyz_bridge.cpp.o[0m
[ 50%] Built target random_xyz_subscriber
[ 83%] Built target random_xyz_publisher
[100%] [32m[1mLinking CXX executable tcp_xyz_bridge[0m
[100%] Built target tcp_xyz_bridge
-- Install configuration: ""
-- Up-to-date: /workspace/ros2_ws/install/random_xyz_stream/lib/random_xyz_stream/random_xyz_publisher
-- Up-to-date: /workspace/ros2_ws/install/random_xyz_stream/lib/random_xyz_stream/random_xyz_subscriber
-- Installing: /workspace/ros2_ws/install/random_xyz_stream/lib/random_xyz_stream/tcp_xyz_bridge
-- Set runtime path of "/workspace/ros2_ws/install/random_xyz_stream/lib/random_xyz_stream/tcp_xyz_bridge" to ""
-- Up-to-date: /workspace/ros2_ws/install/random_xyz_stream/share/ament_index/resource_index/package_run_dependencies/random_xyz_stream
-- Installing: /workspace/ros2_ws/install/random_xyz_stream/share/ament_index/resource_index/parent_prefix_path/random_xyz_stream
-- Up-to-date: /workspace/ros2_ws/install/random_xyz_stream/share/random_xyz_stream/environment/ament_prefix_path.sh
-- Installing: /workspace/ros2_ws/install/random_xyz_stream/share/random_xyz_stream/environment/ament_prefix_path.dsv
-- Up-to-date: /workspace/ros2_ws/install/random_xyz_stream/share/random_xyz_stream/environment/path.sh
-- Installing: /workspace/ros2_ws/install/random_xyz_stream/share/random_xyz_stream/environment/path.dsv
-- Up-to-date: /workspace/ros2_ws/install/random_xyz_stream/share/random_xyz_stream/local_setup.bash
-- Up-to-date: /workspace/ros2_ws/install/random_xyz_stream/share/random_xyz_stream/local_setup.sh
-- Up-to-date: /workspace/ros2_ws/install/random_xyz_stream/share/random_xyz_stream/local_setup.zsh
-- Installing: /workspace/ros2_ws/install/random_xyz_stream/share/random_xyz_stream/local_setup.dsv
-- Installing: /workspace/ros2_ws/install/random_xyz_stream/share/random_xyz_stream/package.dsv
-- Up-to-date: /workspace/ros2_ws/install/random_xyz_stream/share/ament_index/resource_index/packages/random_xyz_stream
-- Up-to-date: /workspace/ros2_ws/install/random_xyz_stream/share/random_xyz_stream/cmake/random_xyz_streamConfig.cmake
-- Up-to-date: /workspace/ros2_ws/install/random_xyz_stream/share/random_xyz_stream/cmake/random_xyz_streamConfig-version.cmake
-- Up-to-date: /workspace/ros2_ws/install/random_xyz_stream/share/random_xyz_stream/package.xml
